<?xml version="1.0" encoding="UTF-8"?>
<!-- Generated by org.testng.reporters.JUnitReportReporter -->
<testsuite hostname="DESKTOP-2L7ULHO" failures="0" tests="4" name="com.simplilearn.demo.AmazonAutomation" time="130.465" errors="0" timestamp="2022-10-03T17:16:44 IST" skipped="0">
  <testcase classname="com.simplilearn.demo.AmazonAutomation" name="login" time="15.386"/>
  <system-out/>
  <testcase classname="com.simplilearn.demo.AmazonAutomation" name="search" time="43.128"/>
  <system-out/>
  <testcase classname="com.simplilearn.demo.AmazonAutomation" name="register" time="14.802"/>
  <system-out/>
  <testcase classname="com.simplilearn.demo.AmazonAutomation" name="addtocart" time="57.149"/>
  <system-out/>
</testsuite> <!-- com.simplilearn.demo.AmazonAutomation -->
